<?xml version="1.0" encoding="UTF-8"?>
<coverage generated="1412132674">
  <project timestamp="1412132674">
    <file name="/Users/jpowers/Documents/Git Repos/phptest/lib/User.php">
      <class name="User" namespace="global">
        <metrics methods="3" coveredmethods="1" conditionals="0" coveredconditionals="0" statements="4" coveredstatements="1" elements="7" coveredelements="2"/>
      </class>
      <line num="5" type="method" name="getName" crap="2" count="0"/>
      <line num="6" type="stmt" count="0"/>
      <line num="9" type="method" name="setName" crap="2" count="0"/>
      <line num="10" type="stmt" count="0"/>
      <line num="11" type="stmt" count="0"/>
      <line num="13" type="method" name="talk" crap="1" count="1"/>
      <line num="14" type="stmt" count="1"/>
      <metrics loc="15" ncloc="15" classes="1" methods="3" coveredmethods="1" conditionals="0" coveredconditionals="0" statements="4" coveredstatements="1" elements="7" coveredelements="2"/>
    </file>
    <metrics files="1" loc="15" ncloc="15" classes="1" methods="3" coveredmethods="1" conditionals="0" coveredconditionals="0" statements="4" coveredstatements="1" elements="7" coveredelements="2"/>
  </project>
</coverage>
